Command line:
   mips_isim_beh.exe
     -simmode  gui
     -simrunnum  0
     -socket  3904

Wed Jul 10 21:48:33 2019


 Elaboration Time: 0.046875 sec

 Current Memory Usage: 5340.73 Meg

 Total Signals          : 290
 Total Nets             : 1642
 Total Signal Drivers   : 108
 Total Blocks           : 27
 Total Primitive Blocks : 26
 Total Processes        : 136
 Total Traceable Variables  : 109
 Total Scalar Nets and Variables : 266179
Total Line Count : 576

 Total Simulation Time: 0.125 sec

 Current Memory Usage: 5340.73 Meg

Wed Jul 10 21:48:38 2019

