Running: E:\Software\ISE14.7\14.7\ISE_DS\ISE\bin\nt64\unwrapped\fuse.exe -intstyle ise -incremental -lib unisims_ver -lib unimacro_ver -lib xilinxcorelib_ver -o E:/Verliog/counter/counter_tb_isim_beh.exe -prj E:/Verliog/counter/counter_tb_beh.prj work.counter_tb work.glbl 
ISim P.20131013 (signature 0x7708f090)
Number of CPUs detected in this system: 4
Turning on mult-threading, number of parallel sub-compilation jobs: 8 
Determining compilation order of HDL files
Analyzing Verilog file "E:/Verliog/counter/counter.v" into library work
WARNING:HDLCompiler:751 - "E:/Verliog/counter/counter.v" Line 26: Redeclaration of ansi port cnt is not allowed
Analyzing Verilog file "E:/Verliog/counter/counter_tb.v" into library work
Analyzing Verilog file "E:/Software/ISE14.7/14.7/ISE_DS/ISE//verilog/src/glbl.v" into library work
Starting static elaboration
Completed static elaboration
Compiling module counter
Compiling module counter_tb
Compiling module glbl
Time Resolution for simulation is 1ps.
Waiting for 1 sub-compilation(s) to finish...
WARNING:Simulator - Unable to copy libPortabilityNOSH.dll to the simulation executable directory: boost::filesystem::copy_file: 系统找不到指定的路径。, "isim\counter_tb_isim_beh.exe.sim\libPortability.dll".
Compiled 3 Verilog Units
Built simulation executable E:/Verliog/counter/counter_tb_isim_beh.exe
Fuse Memory Usage: 28064 KB
Fuse CPU Usage: 389 ms
