Command line:
   counter_tb_isim_beh.exe
     -simmode  gui
     -simrunnum  0
     -socket  5873

Tue Oct 02 17:20:29 2018


 Elaboration Time: 0.046875 sec

 Current Memory Usage: 5334.61 Meg

 Total Signals          : 16
 Total Nets             : 19
 Total Signal Drivers   : 8
 Total Blocks           : 3
 Total Primitive Blocks : 2
 Total Processes        : 12
 Total Traceable Variables  : 21
 Total Scalar Nets and Variables : 105
Total Line Count : 24

 Total Simulation Time: 0.078125 sec

 Current Memory Usage: 5649.18 Meg

Tue Oct 02 17:21:08 2018

