Command line:
   fsm_1010_tb_isim_beh.exe
     -simmode  gui
     -simrunnum  0
     -socket  5371

Thu Oct 11 10:38:22 2018


 Elaboration Time: 0.0625 sec

 Current Memory Usage: 5334.59 Meg

 Total Signals          : 16
 Total Nets             : 16
 Total Signal Drivers   : 8
 Total Blocks           : 3
 Total Primitive Blocks : 2
 Total Processes        : 12
 Total Traceable Variables  : 22
 Total Scalar Nets and Variables : 131
Total Line Count : 41

 Total Simulation Time: 0.15625 sec

 Current Memory Usage: 5334.59 Meg

Thu Oct 11 10:38:45 2018

