ISim log file
Running: C:\Computer\P5\mips_tb_isim_beh.exe -intstyle ise -gui -tclbatch isim.cmd -wdb C:/Computer/P5/mips_tb_isim_beh.wdb 
ISim P.20131013 (signature 0x7708f090)
----------------------------------------------------------------------
INFO:Security:61 - The XILINXD_LICENSE_FILE environment variable is not set.
INFO:Security:63 - The LM_LICENSE_FILE environment variable is not set.
INFO:Security:68 - For more information or for assistance in obtaining 
 a license, please run the Xilinx License Configuration Manager
       (xlcm or "Manage Xilinx Licenses".)
INFO:Security:68a - user is lxy, on host DESKTOP-LSO9JHG.
ERROR:Security:14 - No feature was available for 'ISIM'.

No such feature exists.
Feature:       ISIM
License path:  C:/.Xilinx\Xilinx.lic;C:\Xilinx\14.7\ISE_DS\ISE\/coregen/core_licenses\Xilinx.lic;C:\Xilinx\14.7\ISE_DS\ISE\/coregen/core_licenses\XilinxFree.lic;C:\Xilinx\14.7\ISE_DS\EDK/data/core_licenses\Xilinx.lic;
FLEXnet Licensing error:-5,357
For further information, refer to the FLEXnet Licensing documentation,
available at "www.flexerasoftware.com".
----------------------------------------------------------------------
WARNING: A full ISim License cannot be checked out due to the issues listed above. Please use Xilinx License Configuration Manager to fix these issues in order to check out a full ISim license.
WARNING: ISim will run in Lite mode. Please refer to the ISim documentation for more information on the differences between the Lite and the Full version.
This is a Lite version of ISim.
Time resolution is 1 ps
# onerror resume
# wave add /
# run 1000 ns
Simulator is doing circuit initialization process.
Finished circuit initialization process.
                   7@00003000: $ 9 <= 00000004
                   9@00003004: $31 <= 0000300c
                   9@00003008: *00000000 <= 0000300c
                  13@00003014: $31 <= 0000300c
                  15@00003018: $31 <= 0000300c
                  23@0000300c: $31 <= 0000300c
                  25@00003010: $31 <= 0000301c
                  27@00003014: $31 <= 0000301c
                  29@00003018: $31 <= 0000300c
                  37@0000300c: $31 <= 0000300c
                  39@00003010: $31 <= 0000301c
                  41@00003014: $31 <= 0000301c
                  43@00003018: $31 <= 0000300c
                  51@0000300c: $31 <= 0000300c
                  53@00003010: $31 <= 0000301c
                  55@00003014: $31 <= 0000301c
                  57@00003018: $31 <= 0000300c
                  65@0000300c: $31 <= 0000300c
                  67@00003010: $31 <= 0000301c
                  69@00003014: $31 <= 0000301c
                  71@00003018: $31 <= 0000300c
                  79@0000300c: $31 <= 0000300c
                  81@00003010: $31 <= 0000301c
                  83@00003014: $31 <= 0000301c
                  85@00003018: $31 <= 0000300c
                  93@0000300c: $31 <= 0000300c
                  95@00003010: $31 <= 0000301c
                  97@00003014: $31 <= 0000301c
                  99@00003018: $31 <= 0000300c
                 107@0000300c: $31 <= 0000300c
                 109@00003010: $31 <= 0000301c
                 111@00003014: $31 <= 0000301c
                 113@00003018: $31 <= 0000300c
                 121@0000300c: $31 <= 0000300c
                 123@00003010: $31 <= 0000301c
                 125@00003014: $31 <= 0000301c
                 127@00003018: $31 <= 0000300c
                 135@0000300c: $31 <= 0000300c
                 137@00003010: $31 <= 0000301c
                 139@00003014: $31 <= 0000301c
                 141@00003018: $31 <= 0000300c
                 149@0000300c: $31 <= 0000300c
                 151@00003010: $31 <= 0000301c
                 153@00003014: $31 <= 0000301c
                 155@00003018: $31 <= 0000300c
                 163@0000300c: $31 <= 0000300c
                 165@00003010: $31 <= 0000301c
                 167@00003014: $31 <= 0000301c
                 169@00003018: $31 <= 0000300c
                 177@0000300c: $31 <= 0000300c
                 179@00003010: $31 <= 0000301c
                 181@00003014: $31 <= 0000301c
                 183@00003018: $31 <= 0000300c
                 191@0000300c: $31 <= 0000300c
                 193@00003010: $31 <= 0000301c
                 195@00003014: $31 <= 0000301c
                 197@00003018: $31 <= 0000300c
                 205@0000300c: $31 <= 0000300c
                 207@00003010: $31 <= 0000301c
                 209@00003014: $31 <= 0000301c
                 211@00003018: $31 <= 0000300c
                 219@0000300c: $31 <= 0000300c
                 221@00003010: $31 <= 0000301c
                 223@00003014: $31 <= 0000301c
                 225@00003018: $31 <= 0000300c
                 233@0000300c: $31 <= 0000300c
                 235@00003010: $31 <= 0000301c
                 237@00003014: $31 <= 0000301c
                 239@00003018: $31 <= 0000300c
                 247@0000300c: $31 <= 0000300c
                 249@00003010: $31 <= 0000301c
                 251@00003014: $31 <= 0000301c
                 253@00003018: $31 <= 0000300c
                 261@0000300c: $31 <= 0000300c
                 263@00003010: $31 <= 0000301c
                 265@00003014: $31 <= 0000301c
                 267@00003018: $31 <= 0000300c
                 275@0000300c: $31 <= 0000300c
                 277@00003010: $31 <= 0000301c
                 279@00003014: $31 <= 0000301c
                 281@00003018: $31 <= 0000300c
                 289@0000300c: $31 <= 0000300c
                 291@00003010: $31 <= 0000301c
                 293@00003014: $31 <= 0000301c
                 295@00003018: $31 <= 0000300c
                 303@0000300c: $31 <= 0000300c
                 305@00003010: $31 <= 0000301c
                 307@00003014: $31 <= 0000301c
                 309@00003018: $31 <= 0000300c
                 317@0000300c: $31 <= 0000300c
                 319@00003010: $31 <= 0000301c
                 321@00003014: $31 <= 0000301c
                 323@00003018: $31 <= 0000300c
                 331@0000300c: $31 <= 0000300c
                 333@00003010: $31 <= 0000301c
                 335@00003014: $31 <= 0000301c
                 337@00003018: $31 <= 0000300c
                 345@0000300c: $31 <= 0000300c
                 347@00003010: $31 <= 0000301c
                 349@00003014: $31 <= 0000301c
                 351@00003018: $31 <= 0000300c
                 359@0000300c: $31 <= 0000300c
                 361@00003010: $31 <= 0000301c
                 363@00003014: $31 <= 0000301c
                 365@00003018: $31 <= 0000300c
                 373@0000300c: $31 <= 0000300c
                 375@00003010: $31 <= 0000301c
                 377@00003014: $31 <= 0000301c
                 379@00003018: $31 <= 0000300c
                 387@0000300c: $31 <= 0000300c
                 389@00003010: $31 <= 0000301c
                 391@00003014: $31 <= 0000301c
                 393@00003018: $31 <= 0000300c
                 401@0000300c: $31 <= 0000300c
                 403@00003010: $31 <= 0000301c
                 405@00003014: $31 <= 0000301c
                 407@00003018: $31 <= 0000300c
                 415@0000300c: $31 <= 0000300c
                 417@00003010: $31 <= 0000301c
                 419@00003014: $31 <= 0000301c
                 421@00003018: $31 <= 0000300c
                 429@0000300c: $31 <= 0000300c
                 431@00003010: $31 <= 0000301c
                 433@00003014: $31 <= 0000301c
                 435@00003018: $31 <= 0000300c
                 443@0000300c: $31 <= 0000300c
                 445@00003010: $31 <= 0000301c
                 447@00003014: $31 <= 0000301c
                 449@00003018: $31 <= 0000300c
                 457@0000300c: $31 <= 0000300c
                 459@00003010: $31 <= 0000301c
                 461@00003014: $31 <= 0000301c
                 463@00003018: $31 <= 0000300c
                 471@0000300c: $31 <= 0000300c
                 473@00003010: $31 <= 0000301c
                 475@00003014: $31 <= 0000301c
                 477@00003018: $31 <= 0000300c
                 485@0000300c: $31 <= 0000300c
                 487@00003010: $31 <= 0000301c
                 489@00003014: $31 <= 0000301c
                 491@00003018: $31 <= 0000300c
                 499@0000300c: $31 <= 0000300c
                 501@00003010: $31 <= 0000301c
                 503@00003014: $31 <= 0000301c
                 505@00003018: $31 <= 0000300c
                 513@0000300c: $31 <= 0000300c
                 515@00003010: $31 <= 0000301c
                 517@00003014: $31 <= 0000301c
                 519@00003018: $31 <= 0000300c
                 527@0000300c: $31 <= 0000300c
                 529@00003010: $31 <= 0000301c
                 531@00003014: $31 <= 0000301c
                 533@00003018: $31 <= 0000300c
                 541@0000300c: $31 <= 0000300c
                 543@00003010: $31 <= 0000301c
                 545@00003014: $31 <= 0000301c
                 547@00003018: $31 <= 0000300c
                 555@0000300c: $31 <= 0000300c
                 557@00003010: $31 <= 0000301c
                 559@00003014: $31 <= 0000301c
                 561@00003018: $31 <= 0000300c
                 569@0000300c: $31 <= 0000300c
                 571@00003010: $31 <= 0000301c
                 573@00003014: $31 <= 0000301c
                 575@00003018: $31 <= 0000300c
                 583@0000300c: $31 <= 0000300c
                 585@00003010: $31 <= 0000301c
                 587@00003014: $31 <= 0000301c
                 589@00003018: $31 <= 0000300c
                 597@0000300c: $31 <= 0000300c
                 599@00003010: $31 <= 0000301c
                 601@00003014: $31 <= 0000301c
                 603@00003018: $31 <= 0000300c
                 611@0000300c: $31 <= 0000300c
                 613@00003010: $31 <= 0000301c
                 615@00003014: $31 <= 0000301c
                 617@00003018: $31 <= 0000300c
                 625@0000300c: $31 <= 0000300c
                 627@00003010: $31 <= 0000301c
                 629@00003014: $31 <= 0000301c
                 631@00003018: $31 <= 0000300c
                 639@0000300c: $31 <= 0000300c
                 641@00003010: $31 <= 0000301c
                 643@00003014: $31 <= 0000301c
                 645@00003018: $31 <= 0000300c
                 653@0000300c: $31 <= 0000300c
                 655@00003010: $31 <= 0000301c
                 657@00003014: $31 <= 0000301c
                 659@00003018: $31 <= 0000300c
                 667@0000300c: $31 <= 0000300c
                 669@00003010: $31 <= 0000301c
                 671@00003014: $31 <= 0000301c
                 673@00003018: $31 <= 0000300c
                 681@0000300c: $31 <= 0000300c
                 683@00003010: $31 <= 0000301c
                 685@00003014: $31 <= 0000301c
                 687@00003018: $31 <= 0000300c
                 695@0000300c: $31 <= 0000300c
                 697@00003010: $31 <= 0000301c
                 699@00003014: $31 <= 0000301c
                 701@00003018: $31 <= 0000300c
                 709@0000300c: $31 <= 0000300c
                 711@00003010: $31 <= 0000301c
                 713@00003014: $31 <= 0000301c
                 715@00003018: $31 <= 0000300c
                 723@0000300c: $31 <= 0000300c
                 725@00003010: $31 <= 0000301c
                 727@00003014: $31 <= 0000301c
                 729@00003018: $31 <= 0000300c
                 737@0000300c: $31 <= 0000300c
                 739@00003010: $31 <= 0000301c
                 741@00003014: $31 <= 0000301c
                 743@00003018: $31 <= 0000300c
                 751@0000300c: $31 <= 0000300c
                 753@00003010: $31 <= 0000301c
                 755@00003014: $31 <= 0000301c
                 757@00003018: $31 <= 0000300c
                 765@0000300c: $31 <= 0000300c
                 767@00003010: $31 <= 0000301c
                 769@00003014: $31 <= 0000301c
                 771@00003018: $31 <= 0000300c
                 779@0000300c: $31 <= 0000300c
                 781@00003010: $31 <= 0000301c
                 783@00003014: $31 <= 0000301c
                 785@00003018: $31 <= 0000300c
                 793@0000300c: $31 <= 0000300c
                 795@00003010: $31 <= 0000301c
                 797@00003014: $31 <= 0000301c
                 799@00003018: $31 <= 0000300c
                 807@0000300c: $31 <= 0000300c
                 809@00003010: $31 <= 0000301c
                 811@00003014: $31 <= 0000301c
                 813@00003018: $31 <= 0000300c
                 821@0000300c: $31 <= 0000300c
                 823@00003010: $31 <= 0000301c
                 825@00003014: $31 <= 0000301c
                 827@00003018: $31 <= 0000300c
                 835@0000300c: $31 <= 0000300c
                 837@00003010: $31 <= 0000301c
                 839@00003014: $31 <= 0000301c
                 841@00003018: $31 <= 0000300c
                 849@0000300c: $31 <= 0000300c
                 851@00003010: $31 <= 0000301c
                 853@00003014: $31 <= 0000301c
                 855@00003018: $31 <= 0000300c
                 863@0000300c: $31 <= 0000300c
                 865@00003010: $31 <= 0000301c
                 867@00003014: $31 <= 0000301c
                 869@00003018: $31 <= 0000300c
                 877@0000300c: $31 <= 0000300c
                 879@00003010: $31 <= 0000301c
                 881@00003014: $31 <= 0000301c
                 883@00003018: $31 <= 0000300c
                 891@0000300c: $31 <= 0000300c
                 893@00003010: $31 <= 0000301c
                 895@00003014: $31 <= 0000301c
                 897@00003018: $31 <= 0000300c
                 905@0000300c: $31 <= 0000300c
                 907@00003010: $31 <= 0000301c
                 909@00003014: $31 <= 0000301c
                 911@00003018: $31 <= 0000300c
                 919@0000300c: $31 <= 0000300c
                 921@00003010: $31 <= 0000301c
                 923@00003014: $31 <= 0000301c
                 925@00003018: $31 <= 0000300c
                 933@0000300c: $31 <= 0000300c
                 935@00003010: $31 <= 0000301c
                 937@00003014: $31 <= 0000301c
                 939@00003018: $31 <= 0000300c
                 947@0000300c: $31 <= 0000300c
                 949@00003010: $31 <= 0000301c
                 951@00003014: $31 <= 0000301c
                 953@00003018: $31 <= 0000300c
                 961@0000300c: $31 <= 0000300c
                 963@00003010: $31 <= 0000301c
                 965@00003014: $31 <= 0000301c
                 967@00003018: $31 <= 0000300c
                 975@0000300c: $31 <= 0000300c
                 977@00003010: $31 <= 0000301c
                 979@00003014: $31 <= 0000301c
                 981@00003018: $31 <= 0000300c
                 989@0000300c: $31 <= 0000300c
                 991@00003010: $31 <= 0000301c
                 993@00003014: $31 <= 0000301c
                 995@00003018: $31 <= 0000300c
ISim P.20131013 (signature 0x7708f090)
----------------------------------------------------------------------
INFO:Security:61 - The XILINXD_LICENSE_FILE environment variable is not set.
INFO:Security:63 - The LM_LICENSE_FILE environment variable is not set.
INFO:Security:68 - For more information or for assistance in obtaining 
 a license, please run the Xilinx License Configuration Manager
       (xlcm or "Manage Xilinx Licenses".)
INFO:Security:68a - user is lxy, on host DESKTOP-LSO9JHG.
ERROR:Security:14 - No feature was available for 'ISIM'.

No such feature exists.
Feature:       ISIM
License path:  C:/.Xilinx\Xilinx.lic;C:\Xilinx\14.7\ISE_DS\ISE\/coregen/core_licenses\Xilinx.lic;C:\Xilinx\14.7\ISE_DS\ISE\/coregen/core_licenses\XilinxFree.lic;C:\Xilinx\14.7\ISE_DS\EDK/data/core_licenses\Xilinx.lic;
FLEXnet Licensing error:-5,357
For further information, refer to the FLEXnet Licensing documentation,
available at "www.flexerasoftware.com".
----------------------------------------------------------------------
WARNING: A full ISim License cannot be checked out due to the issues listed above. Please use Xilinx License Configuration Manager to fix these issues in order to check out a full ISim license.
WARNING: ISim will run in Lite mode. Please refer to the ISim documentation for more information on the differences between the Lite and the Full version.
This is a Lite version of ISim.
# run 1000 ns
Simulator is doing circuit initialization process.
Finished circuit initialization process.
                   7@00003000: $ 9 <= 00000004
                   9@00003004: $31 <= 0000300c
                   9@00003008: *00000000 <= 0000300c
                  13@00003014: $31 <= 0000300c
                  15@00003018: $31 <= 0000300c
                  23@0000300c: $31 <= 0000300c
                  25@00003010: $31 <= 0000301c
                  27@00003014: $31 <= 0000301c
                  29@00003018: $31 <= 0000300c
                  37@0000300c: $31 <= 0000300c
                  39@00003010: $31 <= 0000301c
                  41@00003014: $31 <= 0000301c
                  43@00003018: $31 <= 0000300c
                  51@0000300c: $31 <= 0000300c
                  53@00003010: $31 <= 0000301c
                  55@00003014: $31 <= 0000301c
                  57@00003018: $31 <= 0000300c
                  65@0000300c: $31 <= 0000300c
                  67@00003010: $31 <= 0000301c
                  69@00003014: $31 <= 0000301c
                  71@00003018: $31 <= 0000300c
                  79@0000300c: $31 <= 0000300c
                  81@00003010: $31 <= 0000301c
                  83@00003014: $31 <= 0000301c
                  85@00003018: $31 <= 0000300c
                  93@0000300c: $31 <= 0000300c
                  95@00003010: $31 <= 0000301c
                  97@00003014: $31 <= 0000301c
                  99@00003018: $31 <= 0000300c
                 107@0000300c: $31 <= 0000300c
                 109@00003010: $31 <= 0000301c
                 111@00003014: $31 <= 0000301c
                 113@00003018: $31 <= 0000300c
                 121@0000300c: $31 <= 0000300c
                 123@00003010: $31 <= 0000301c
                 125@00003014: $31 <= 0000301c
                 127@00003018: $31 <= 0000300c
                 135@0000300c: $31 <= 0000300c
                 137@00003010: $31 <= 0000301c
                 139@00003014: $31 <= 0000301c
                 141@00003018: $31 <= 0000300c
                 149@0000300c: $31 <= 0000300c
                 151@00003010: $31 <= 0000301c
                 153@00003014: $31 <= 0000301c
                 155@00003018: $31 <= 0000300c
                 163@0000300c: $31 <= 0000300c
                 165@00003010: $31 <= 0000301c
                 167@00003014: $31 <= 0000301c
                 169@00003018: $31 <= 0000300c
                 177@0000300c: $31 <= 0000300c
                 179@00003010: $31 <= 0000301c
                 181@00003014: $31 <= 0000301c
                 183@00003018: $31 <= 0000300c
                 191@0000300c: $31 <= 0000300c
                 193@00003010: $31 <= 0000301c
                 195@00003014: $31 <= 0000301c
                 197@00003018: $31 <= 0000300c
                 205@0000300c: $31 <= 0000300c
                 207@00003010: $31 <= 0000301c
                 209@00003014: $31 <= 0000301c
                 211@00003018: $31 <= 0000300c
                 219@0000300c: $31 <= 0000300c
                 221@00003010: $31 <= 0000301c
                 223@00003014: $31 <= 0000301c
                 225@00003018: $31 <= 0000300c
                 233@0000300c: $31 <= 0000300c
                 235@00003010: $31 <= 0000301c
                 237@00003014: $31 <= 0000301c
                 239@00003018: $31 <= 0000300c
                 247@0000300c: $31 <= 0000300c
                 249@00003010: $31 <= 0000301c
                 251@00003014: $31 <= 0000301c
                 253@00003018: $31 <= 0000300c
                 261@0000300c: $31 <= 0000300c
                 263@00003010: $31 <= 0000301c
                 265@00003014: $31 <= 0000301c
                 267@00003018: $31 <= 0000300c
                 275@0000300c: $31 <= 0000300c
                 277@00003010: $31 <= 0000301c
                 279@00003014: $31 <= 0000301c
                 281@00003018: $31 <= 0000300c
                 289@0000300c: $31 <= 0000300c
                 291@00003010: $31 <= 0000301c
                 293@00003014: $31 <= 0000301c
                 295@00003018: $31 <= 0000300c
                 303@0000300c: $31 <= 0000300c
                 305@00003010: $31 <= 0000301c
                 307@00003014: $31 <= 0000301c
                 309@00003018: $31 <= 0000300c
                 317@0000300c: $31 <= 0000300c
                 319@00003010: $31 <= 0000301c
                 321@00003014: $31 <= 0000301c
                 323@00003018: $31 <= 0000300c
                 331@0000300c: $31 <= 0000300c
                 333@00003010: $31 <= 0000301c
                 335@00003014: $31 <= 0000301c
                 337@00003018: $31 <= 0000300c
                 345@0000300c: $31 <= 0000300c
                 347@00003010: $31 <= 0000301c
                 349@00003014: $31 <= 0000301c
                 351@00003018: $31 <= 0000300c
                 359@0000300c: $31 <= 0000300c
                 361@00003010: $31 <= 0000301c
                 363@00003014: $31 <= 0000301c
                 365@00003018: $31 <= 0000300c
                 373@0000300c: $31 <= 0000300c
                 375@00003010: $31 <= 0000301c
                 377@00003014: $31 <= 0000301c
                 379@00003018: $31 <= 0000300c
                 387@0000300c: $31 <= 0000300c
                 389@00003010: $31 <= 0000301c
                 391@00003014: $31 <= 0000301c
                 393@00003018: $31 <= 0000300c
                 401@0000300c: $31 <= 0000300c
                 403@00003010: $31 <= 0000301c
                 405@00003014: $31 <= 0000301c
                 407@00003018: $31 <= 0000300c
                 415@0000300c: $31 <= 0000300c
                 417@00003010: $31 <= 0000301c
                 419@00003014: $31 <= 0000301c
                 421@00003018: $31 <= 0000300c
                 429@0000300c: $31 <= 0000300c
                 431@00003010: $31 <= 0000301c
                 433@00003014: $31 <= 0000301c
                 435@00003018: $31 <= 0000300c
                 443@0000300c: $31 <= 0000300c
                 445@00003010: $31 <= 0000301c
                 447@00003014: $31 <= 0000301c
                 449@00003018: $31 <= 0000300c
                 457@0000300c: $31 <= 0000300c
                 459@00003010: $31 <= 0000301c
                 461@00003014: $31 <= 0000301c
                 463@00003018: $31 <= 0000300c
                 471@0000300c: $31 <= 0000300c
                 473@00003010: $31 <= 0000301c
                 475@00003014: $31 <= 0000301c
                 477@00003018: $31 <= 0000300c
                 485@0000300c: $31 <= 0000300c
                 487@00003010: $31 <= 0000301c
                 489@00003014: $31 <= 0000301c
                 491@00003018: $31 <= 0000300c
                 499@0000300c: $31 <= 0000300c
                 501@00003010: $31 <= 0000301c
                 503@00003014: $31 <= 0000301c
                 505@00003018: $31 <= 0000300c
                 513@0000300c: $31 <= 0000300c
                 515@00003010: $31 <= 0000301c
                 517@00003014: $31 <= 0000301c
                 519@00003018: $31 <= 0000300c
                 527@0000300c: $31 <= 0000300c
                 529@00003010: $31 <= 0000301c
                 531@00003014: $31 <= 0000301c
                 533@00003018: $31 <= 0000300c
                 541@0000300c: $31 <= 0000300c
                 543@00003010: $31 <= 0000301c
                 545@00003014: $31 <= 0000301c
                 547@00003018: $31 <= 0000300c
                 555@0000300c: $31 <= 0000300c
                 557@00003010: $31 <= 0000301c
                 559@00003014: $31 <= 0000301c
                 561@00003018: $31 <= 0000300c
                 569@0000300c: $31 <= 0000300c
                 571@00003010: $31 <= 0000301c
                 573@00003014: $31 <= 0000301c
                 575@00003018: $31 <= 0000300c
                 583@0000300c: $31 <= 0000300c
                 585@00003010: $31 <= 0000301c
                 587@00003014: $31 <= 0000301c
                 589@00003018: $31 <= 0000300c
                 597@0000300c: $31 <= 0000300c
                 599@00003010: $31 <= 0000301c
                 601@00003014: $31 <= 0000301c
                 603@00003018: $31 <= 0000300c
                 611@0000300c: $31 <= 0000300c
                 613@00003010: $31 <= 0000301c
                 615@00003014: $31 <= 0000301c
                 617@00003018: $31 <= 0000300c
                 625@0000300c: $31 <= 0000300c
                 627@00003010: $31 <= 0000301c
                 629@00003014: $31 <= 0000301c
                 631@00003018: $31 <= 0000300c
                 639@0000300c: $31 <= 0000300c
                 641@00003010: $31 <= 0000301c
                 643@00003014: $31 <= 0000301c
                 645@00003018: $31 <= 0000300c
                 653@0000300c: $31 <= 0000300c
                 655@00003010: $31 <= 0000301c
                 657@00003014: $31 <= 0000301c
                 659@00003018: $31 <= 0000300c
                 667@0000300c: $31 <= 0000300c
                 669@00003010: $31 <= 0000301c
                 671@00003014: $31 <= 0000301c
                 673@00003018: $31 <= 0000300c
                 681@0000300c: $31 <= 0000300c
                 683@00003010: $31 <= 0000301c
                 685@00003014: $31 <= 0000301c
                 687@00003018: $31 <= 0000300c
                 695@0000300c: $31 <= 0000300c
                 697@00003010: $31 <= 0000301c
                 699@00003014: $31 <= 0000301c
                 701@00003018: $31 <= 0000300c
                 709@0000300c: $31 <= 0000300c
                 711@00003010: $31 <= 0000301c
                 713@00003014: $31 <= 0000301c
                 715@00003018: $31 <= 0000300c
                 723@0000300c: $31 <= 0000300c
                 725@00003010: $31 <= 0000301c
                 727@00003014: $31 <= 0000301c
                 729@00003018: $31 <= 0000300c
                 737@0000300c: $31 <= 0000300c
                 739@00003010: $31 <= 0000301c
                 741@00003014: $31 <= 0000301c
                 743@00003018: $31 <= 0000300c
                 751@0000300c: $31 <= 0000300c
                 753@00003010: $31 <= 0000301c
                 755@00003014: $31 <= 0000301c
                 757@00003018: $31 <= 0000300c
                 765@0000300c: $31 <= 0000300c
                 767@00003010: $31 <= 0000301c
                 769@00003014: $31 <= 0000301c
                 771@00003018: $31 <= 0000300c
                 779@0000300c: $31 <= 0000300c
                 781@00003010: $31 <= 0000301c
                 783@00003014: $31 <= 0000301c
                 785@00003018: $31 <= 0000300c
                 793@0000300c: $31 <= 0000300c
                 795@00003010: $31 <= 0000301c
                 797@00003014: $31 <= 0000301c
                 799@00003018: $31 <= 0000300c
                 807@0000300c: $31 <= 0000300c
                 809@00003010: $31 <= 0000301c
                 811@00003014: $31 <= 0000301c
                 813@00003018: $31 <= 0000300c
                 821@0000300c: $31 <= 0000300c
                 823@00003010: $31 <= 0000301c
                 825@00003014: $31 <= 0000301c
                 827@00003018: $31 <= 0000300c
                 835@0000300c: $31 <= 0000300c
                 837@00003010: $31 <= 0000301c
                 839@00003014: $31 <= 0000301c
                 841@00003018: $31 <= 0000300c
                 849@0000300c: $31 <= 0000300c
                 851@00003010: $31 <= 0000301c
                 853@00003014: $31 <= 0000301c
                 855@00003018: $31 <= 0000300c
                 863@0000300c: $31 <= 0000300c
                 865@00003010: $31 <= 0000301c
                 867@00003014: $31 <= 0000301c
                 869@00003018: $31 <= 0000300c
                 877@0000300c: $31 <= 0000300c
                 879@00003010: $31 <= 0000301c
                 881@00003014: $31 <= 0000301c
                 883@00003018: $31 <= 0000300c
                 891@0000300c: $31 <= 0000300c
                 893@00003010: $31 <= 0000301c
                 895@00003014: $31 <= 0000301c
                 897@00003018: $31 <= 0000300c
                 905@0000300c: $31 <= 0000300c
                 907@00003010: $31 <= 0000301c
                 909@00003014: $31 <= 0000301c
                 911@00003018: $31 <= 0000300c
                 919@0000300c: $31 <= 0000300c
                 921@00003010: $31 <= 0000301c
                 923@00003014: $31 <= 0000301c
                 925@00003018: $31 <= 0000300c
                 933@0000300c: $31 <= 0000300c
                 935@00003010: $31 <= 0000301c
                 937@00003014: $31 <= 0000301c
                 939@00003018: $31 <= 0000300c
                 947@0000300c: $31 <= 0000300c
                 949@00003010: $31 <= 0000301c
                 951@00003014: $31 <= 0000301c
                 953@00003018: $31 <= 0000300c
                 961@0000300c: $31 <= 0000300c
                 963@00003010: $31 <= 0000301c
                 965@00003014: $31 <= 0000301c
                 967@00003018: $31 <= 0000300c
                 975@0000300c: $31 <= 0000300c
                 977@00003010: $31 <= 0000301c
                 979@00003014: $31 <= 0000301c
                 981@00003018: $31 <= 0000300c
                 989@0000300c: $31 <= 0000300c
                 991@00003010: $31 <= 0000301c
                 993@00003014: $31 <= 0000301c
                 995@00003018: $31 <= 0000300c
