Running: C:\Xilinx\14.7\ISE_DS\ISE\bin\nt64\unwrapped\fuse.exe -intstyle ise -incremental -lib unisims_ver -lib unimacro_ver -lib xilinxcorelib_ver -lib secureip -o C:/Computer/P4/P4/mips_tb_isim_beh.exe -prj C:/Computer/P4/P4/mips_tb_beh.prj work.mips_tb work.glbl 
ISim P.20131013 (signature 0x7708f090)
Number of CPUs detected in this system: 8
Turning on mult-threading, number of parallel sub-compilation jobs: 16 
Determining compilation order of HDL files
Analyzing Verilog file "C:/Computer/P4/P4/pc.v" into library work
Analyzing Verilog file "C:/Computer/P4/P4/mux.v" into library work
Analyzing Verilog file "C:/Computer/P4/P4/im.v" into library work
Analyzing Verilog file "C:/Computer/P4/P4/grf.v" into library work
Analyzing Verilog file "C:/Computer/P4/P4/ext.v" into library work
Analyzing Verilog file "C:/Computer/P4/P4/dm.v" into library work
Analyzing Verilog file "C:/Computer/P4/P4/ctrl.v" into library work
Analyzing Verilog file "C:/Computer/P4/P4/alu.v" into library work
Analyzing Verilog file "C:/Computer/P4/P4/mips.v" into library work
WARNING:HDLCompiler:327 - "C:/Computer/P4/P4/mips.v" Line 33: Concatenation with unsized literal; will interpret as 32 bits
Analyzing Verilog file "C:/Computer/P4/P4/mips_tb.v" into library work
Analyzing Verilog file "C:/Xilinx/14.7/ISE_DS/ISE//verilog/src/glbl.v" into library work
Starting static elaboration
WARNING:HDLCompiler:327 - "C:/Computer/P4/P4/mips.v" Line 33: Concatenation with unsized literal; will interpret as 32 bits
WARNING:HDLCompiler:1016 - "C:/Computer/P4/P4/mips.v" Line 88: Port in32_1 is not connected to this instance
WARNING:HDLCompiler:1016 - "C:/Computer/P4/P4/mips.v" Line 94: Port in32_1 is not connected to this instance
WARNING:HDLCompiler:1016 - "C:/Computer/P4/P4/mips.v" Line 100: Port in5_1 is not connected to this instance
WARNING:HDLCompiler:1016 - "C:/Computer/P4/P4/mips.v" Line 106: Port in5_1 is not connected to this instance
WARNING:HDLCompiler:1016 - "C:/Computer/P4/P4/mips.v" Line 112: Port in5_1 is not connected to this instance
WARNING:HDLCompiler:1016 - "C:/Computer/P4/P4/mips.v" Line 119: Port in5_1 is not connected to this instance
WARNING:HDLCompiler:1016 - "C:/Computer/P4/P4/mips.v" Line 130: Port branch is not connected to this instance
Completed static elaboration
Compiling module pc
Compiling module im
Compiling module alu
Compiling module dm
Compiling module grf
Compiling module mux
Compiling module ext
Compiling module ctrl
Compiling module mips
Compiling module mips_tb
Compiling module glbl
Time Resolution for simulation is 1ps.
Waiting for 1 sub-compilation(s) to finish...
WARNING:Simulator - Unable to copy libPortabilityNOSH.dll to the simulation executable directory: boost::filesystem::copy_file: 系统找不到指定的路径。, "isim\mips_tb_isim_beh.exe.sim\libPortability.dll".
Compiled 11 Verilog Units
Built simulation executable C:/Computer/P4/P4/mips_tb_isim_beh.exe
Fuse Memory Usage: 27492 KB
Fuse CPU Usage: 484 ms
