Command line:
   TB_isim_beh.exe
     -simmode  gui
     -simrunnum  0
     -socket  12631

Fri Oct 26 10:04:32 2018


 Elaboration Time: 0.046875 sec

 Current Memory Usage: 5335.11 Meg

 Total Signals          : 22
 Total Nets             : 77
 Total Signal Drivers   : 10
 Total Blocks           : 3
 Total Primitive Blocks : 2
 Total Processes        : 9
 Total Traceable Variables  : 19
 Total Scalar Nets and Variables : 189
Total Line Count : 18

 Total Simulation Time: 0.046875 sec

 Current Memory Usage: 5335.11 Meg

Fri Oct 26 10:04:41 2018

